2023-02-19 05:57:00 - Neovide panicked with the message 'Could not create surface'. (File: src/renderer/rendered_window.rs; Line: 83, Column: 6)
   0: <unknown>
   1: <unknown>
   2: <unknown>
   3: <unknown>
   4: <unknown>
   5: <unknown>
   6: <unknown>
   7: <unknown>
   8: <unknown>
   9: <unknown>
  10: <unknown>
  11: <unknown>
  12: <unknown>
  13: <unknown>
  14: <unknown>
  15: <unknown>
  16: <unknown>
  17: <unknown>
  18: <unknown>
  19: <unknown>
  20: <unknown>
  21: <unknown>
  22: <unknown>
  23: __libc_start_call_main
             at ./csu/../sysdeps/nptl/libc_start_call_main.h:58:16
  24: __libc_start_main_impl
             at ./csu/../csu/libc-start.c:392:3
  25: <unknown>

2023-02-19 05:57:11 - Neovide panicked with the message 'Could not create surface'. (File: src/renderer/rendered_window.rs; Line: 83, Column: 6)
   0: <unknown>
   1: <unknown>
   2: <unknown>
   3: <unknown>
   4: <unknown>
   5: <unknown>
   6: <unknown>
   7: <unknown>
   8: <unknown>
   9: <unknown>
  10: <unknown>
  11: <unknown>
  12: <unknown>
  13: <unknown>
  14: <unknown>
  15: <unknown>
  16: <unknown>
  17: <unknown>
  18: <unknown>
  19: <unknown>
  20: __libc_start_call_main
             at ./csu/../sysdeps/nptl/libc_start_call_main.h:58:16
  21: __libc_start_main_impl
             at ./csu/../csu/libc-start.c:392:3
  22: <unknown>

